\BOOKMARK [1][-]{section.1}{Introduction}{}% 1
\BOOKMARK [1][-]{section.2}{Design and implementation details}{}% 2
\BOOKMARK [1][-]{section.3}{User manual}{}% 3
\BOOKMARK [2][-]{subsection.3.1}{Functional requirements}{section.3}% 4
\BOOKMARK [2][-]{subsection.3.2}{Running the application}{section.3}% 5
\BOOKMARK [3][-]{subsubsection.3.2.1}{Emulator}{subsection.3.2}% 6
\BOOKMARK [3][-]{subsubsection.3.2.2}{On Android device}{subsection.3.2}% 7
\BOOKMARK [2][-]{subsection.3.3}{Game rules}{section.3}% 8
\BOOKMARK [2][-]{subsection.3.4}{Creating Skiller account}{section.3}% 9
\BOOKMARK [2][-]{subsection.3.5}{How to play}{section.3}% 10
\BOOKMARK [3][-]{subsubsection.3.5.1}{Choosing game mode}{subsection.3.5}% 11
\BOOKMARK [3][-]{subsubsection.3.5.2}{Placing, selecting, moving, and removing pieces}{subsection.3.5}% 12
\BOOKMARK [3][-]{subsubsection.3.5.3}{Hotseat mode}{subsection.3.5}% 13
\BOOKMARK [3][-]{subsubsection.3.5.4}{Online mode}{subsection.3.5}% 14
\BOOKMARK [1][-]{section.4}{Test report}{}% 15
\BOOKMARK [2][-]{subsection.4.1}{Functional requirements testing}{section.4}% 16
\BOOKMARK [2][-]{subsection.4.2}{Quality requirements testing}{section.4}% 17
\BOOKMARK [1][-]{section.5}{Relations to the architecture}{}% 18
\BOOKMARK [1][-]{section.6}{Issues}{}% 19
\BOOKMARK [2][-]{subsection.6.1}{Gained experieces}{section.6}% 20
